Build started 10.10.2014 13:59:04.
     1>Project "C:\Users\tti13saleksil\Desktop\WIP_Engine\WIP_Engine\WIP_Engine.vcxproj" on node 2 (Build target(s)).
     1>ClCompile:
         C:\Program Files (x86)\Microsoft Visual Studio 12.0\VC\bin\CL.exe /c /IC:\Users\tti13saleksil\Desktop\WIP_Engine\GLEW\include /ZI /nologo /W3 /WX- /Od /Oy- /D WIN32 /D _DEBUG /D _WINDOWS /Gm /EHsc /RTC1 /MDd /GS /fp:precise /Zc:wchar_t /Zc:forScope /Fo"Debug\\" /Fd"Debug\vc120.pdb" /Gd /TP /analyze- /errorReport:prompt ResourceManager.cpp Texture.cpp
         Texture.cpp
         ResourceManager.cpp
     1>c:\users\tti13saleksil\desktop\wip_engine\wip_engine\resourcemanager.cpp(62): warning C4996: 'fopen': This function or variable may be unsafe. Consider using fopen_s instead. To disable deprecation, use _CRT_SECURE_NO_WARNINGS. See online help for details.
                 c:\program files (x86)\microsoft visual studio 12.0\vc\include\stdio.h(211) : see declaration of 'fopen'
         Generating Code...
       Link:
         C:\Program Files (x86)\Microsoft Visual Studio 12.0\VC\bin\link.exe /ERRORREPORT:PROMPT /OUT:"C:\Users\tti13saleksil\Desktop\WIP_Engine\Debug\WIP_Engine.exe" /INCREMENTAL /NOLOGO /LIBPATH:C:\Users\tti13saleksil\Desktop\WIP_Engine\GLEW\lib opengl32.lib glu32.lib glew32.lib kernel32.lib user32.lib gdi32.lib winspool.lib comdlg32.lib advapi32.lib shell32.lib ole32.lib oleaut32.lib uuid.lib odbc32.lib odbccp32.lib /MANIFEST /MANIFESTUAC:"level='asInvoker' uiAccess='false'" /manifest:embed /DEBUG /PDB:"C:\Users\tti13saleksil\Desktop\WIP_Engine\Debug\WIP_Engine.pdb" /SUBSYSTEM:WINDOWS /TLBID:1 /ENTRY:"mainCRTStartup" /DYNAMICBASE /NXCOMPAT /IMPLIB:"C:\Users\tti13saleksil\Desktop\WIP_Engine\Debug\WIP_Engine.lib" /MACHINE:X86 Debug\Debug.obj
         Debug\lodepng.obj
         Debug\Main.obj
         Debug\Render.obj
         Debug\ResourceManager.obj
         Debug\TextFileRead.obj
         Debug\Texture.obj
         Debug\Window.obj
         WIP_Engine.vcxproj -> C:\Users\tti13saleksil\Desktop\WIP_Engine\Debug\WIP_Engine.exe
     1>Done Building Project "C:\Users\tti13saleksil\Desktop\WIP_Engine\WIP_Engine\WIP_Engine.vcxproj" (Build target(s)).

Build succeeded.

Time Elapsed 00:00:01.13
